{
  "RSpec": {
    "coverage": {
      "/home/ubuntu/environment/Data-Analytics-Club-Website/myApp/spec/controllers/announcement_controller_spec.rb": [
        1,
        null,
        1,
        null,
        1,
        null,
        1,
        1,
        1,
        1,
        1,
        null,
        null,
        null,
        1,
        1,
        1,
        1,
        null,
        1,
        1,
        null,
        1,
        null,
        null,
        null,
        1,
        1,
        1,
        null,
        1,
        1,
        null,
        1,
        null,
        null,
        null,
        1,
        1,
        1,
        null,
        1,
        1,
        null,
        1,
        null,
        null,
        null,
        1,
        1,
        1,
        1,
        null,
        1,
        null,
        1,
        null,
        null,
        null,
        1,
        1,
        1,
        null,
        1,
        null,
        null,
        null,
        1,
        1,
        1,
        null,
        1,
        null,
        null,
        null,
        null,
        null
      ],
      "/home/ubuntu/environment/Data-Analytics-Club-Website/myApp/spec/rails_helper.rb": [
        null,
        1,
        1,
        1,
        null,
        1,
        1,
        null,
        null,
        null,
        null,
        null,
        null,
        null,
        null,
        null,
        null,
        null,
        null,
        null,
        null,
        null,
        null,
        null,
        null,
        null,
        1,
        null,
        1,
        null,
        1,
        null,
        null,
        null,
        null,
        1,
        null,
        null,
        null,
        null,
        null,
        null,
        null,
        null,
        null,
        null,
        null,
        null,
        null,
        null,
        1,
        null,
        null,
        1,
        null,
        null,
        null
      ],
      "/home/ubuntu/environment/Data-Analytics-Club-Website/myApp/config/environment.rb": [
        null,
        1,
        null,
        null,
        1
      ],
      "/home/ubuntu/environment/Data-Analytics-Club-Website/myApp/config/application.rb": [
        1,
        null,
        1,
        null,
        null,
        null,
        1,
        null,
        1,
        1,
        null,
        1,
        null,
        null,
        null,
        null,
        null,
        null,
        null
      ],
      "/home/ubuntu/environment/Data-Analytics-Club-Website/myApp/config/boot.rb": [
        1,
        null,
        1,
        1
      ],
      "/home/ubuntu/environment/Data-Analytics-Club-Website/myApp/config/environments/test.rb": [
        1,
        null,
        null,
        null,
        null,
        null,
        null,
        1,
        null,
        null,
        null,
        null,
        1,
        null,
        null,
        1,
        1,
        null,
        null,
        null,
        null,
        1,
        1,
        null,
        null,
        1,
        null,
        null,
        1,
        null,
        null,
        1,
        null,
        1,
        null,
        null,
        null,
        null,
        1,
        null,
        null,
        1,
        null,
        null,
        null,
        null
      ],
      "/home/ubuntu/environment/Data-Analytics-Club-Website/myApp/config/initializers/application_controller_renderer.rb": [
        null,
        null,
        null,
        null,
        null,
        null,
        null,
        null
      ],
      "/home/ubuntu/environment/Data-Analytics-Club-Website/myApp/config/initializers/assets.rb": [
        null,
        null,
        null,
        1,
        null,
        null,
        null,
        null,
        1,
        null,
        null,
        null,
        null,
        null
      ],
      "/home/ubuntu/environment/Data-Analytics-Club-Website/myApp/config/initializers/auth0.rb": [
        1,
        1,
        null,
        null,
        null,
        null,
        null,
        null,
        null,
        null,
        null,
        null
      ],
      "/home/ubuntu/environment/Data-Analytics-Club-Website/myApp/config/initializers/backtrace_silencers.rb": [
        null,
        null,
        null,
        null,
        null,
        null,
        null
      ],
      "/home/ubuntu/environment/Data-Analytics-Club-Website/myApp/config/initializers/content_security_policy.rb": [
        null,
        null,
        null,
        null,
        null,
        null,
        null,
        null,
        null,
        null,
        null,
        null,
        null,
        null,
        null,
        null,
        null,
        null,
        null,
        null,
        null,
        null,
        null,
        null,
        null
      ],
      "/home/ubuntu/environment/Data-Analytics-Club-Website/myApp/config/initializers/cookies_serializer.rb": [
        null,
        null,
        null,
        null,
        1
      ],
      "/home/ubuntu/environment/Data-Analytics-Club-Website/myApp/config/initializers/filter_parameter_logging.rb": [
        null,
        null,
        null,
        1
      ],
      "/home/ubuntu/environment/Data-Analytics-Club-Website/myApp/config/initializers/inflections.rb": [
        null,
        null,
        null,
        null,
        null,
        null,
        null,
        null,
        null,
        null,
        null,
        null,
        null,
        null,
        null,
        null
      ],
      "/home/ubuntu/environment/Data-Analytics-Club-Website/myApp/config/initializers/mime_types.rb": [
        null,
        null,
        null,
        null
      ],
      "/home/ubuntu/environment/Data-Analytics-Club-Website/myApp/config/initializers/wrap_parameters.rb": [
        null,
        null,
        null,
        null,
        null,
        null,
        1,
        2,
        null,
        null,
        null,
        null,
        null,
        null
      ],
      "/home/ubuntu/environment/Data-Analytics-Club-Website/myApp/config/routes.rb": [
        1,
        1,
        1,
        1,
        null,
        1,
        1,
        1,
        1,
        1,
        1,
        null,
        1,
        null,
        1,
        1,
        1,
        null,
        1,
        1,
        1,
        1,
        null,
        1,
        1,
        1,
        null,
        null,
        null
      ],
      "/home/ubuntu/environment/Data-Analytics-Club-Website/myApp/app/helpers/announcement_helper.rb": [
        1,
        null
      ],
      "/home/ubuntu/environment/Data-Analytics-Club-Website/myApp/app/helpers/application_helper.rb": [
        1,
        null
      ],
      "/home/ubuntu/environment/Data-Analytics-Club-Website/myApp/app/helpers/dashboard_helper.rb": [
        1,
        null
      ],
      "/home/ubuntu/environment/Data-Analytics-Club-Website/myApp/app/helpers/event_helper.rb": [
        1,
        null
      ],
      "/home/ubuntu/environment/Data-Analytics-Club-Website/myApp/app/helpers/home_helper.rb": [
        1,
        null
      ],
      "/home/ubuntu/environment/Data-Analytics-Club-Website/myApp/app/helpers/page_helper.rb": [
        1,
        null
      ],
      "/home/ubuntu/environment/Data-Analytics-Club-Website/myApp/app/helpers/user_helper.rb": [
        1,
        null
      ],
      "/home/ubuntu/environment/Data-Analytics-Club-Website/myApp/app/helpers/users_events_helper.rb": [
        1,
        null
      ],
      "/home/ubuntu/environment/Data-Analytics-Club-Website/myApp/app/controllers/announcement_controller.rb": [
        1,
        1,
        1,
        null,
        1,
        1,
        null,
        null,
        1,
        1,
        null,
        null,
        1,
        1,
        null,
        null,
        1,
        1,
        1,
        null,
        null,
        1,
        1,
        1,
        1,
        null,
        null,
        1,
        1,
        1,
        1,
        null,
        null
      ],
      "/home/ubuntu/environment/Data-Analytics-Club-Website/myApp/app/controllers/application_controller.rb": [
        1,
        null
      ],
      "/home/ubuntu/environment/Data-Analytics-Club-Website/myApp/spec/controllers/auth0_controller_spec.rb": [
        1,
        null,
        1,
        null,
        null
      ],
      "/home/ubuntu/environment/Data-Analytics-Club-Website/myApp/app/controllers/auth0_controller.rb": [
        1,
        1,
        null,
        null,
        0,
        null,
        null,
        0,
        null,
        0,
        null,
        null,
        1,
        null,
        0,
        null,
        null
      ],
      "/home/ubuntu/environment/Data-Analytics-Club-Website/myApp/spec/controllers/dashboard_controller_spec.rb": [
        null,
        null,
        null,
        null,
        null,
        null,
        null,
        null,
        null,
        null,
        null,
        null
      ],
      "/home/ubuntu/environment/Data-Analytics-Club-Website/myApp/spec/controllers/event_controller_controller_spec.rb": [
        1,
        null,
        1,
        1,
        null,
        1,
        null,
        1,
        null,
        1,
        1,
        1,
        1,
        1,
        null,
        null,
        null,
        1,
        1,
        1,
        1,
        null,
        1,
        1,
        null,
        1,
        null,
        null,
        null,
        1,
        1,
        1,
        null,
        1,
        null,
        null,
        null,
        1,
        1,
        1,
        null,
        1,
        null,
        null,
        null,
        1,
        1,
        1,
        null,
        0,
        null,
        null,
        null,
        1,
        1,
        1,
        null,
        1,
        1,
        null,
        1,
        null,
        null,
        null,
        1,
        1,
        1,
        null,
        1,
        1,
        null,
        1,
        null,
        null,
        null,
        1,
        1,
        1,
        1,
        null,
        1,
        null,
        1,
        null,
        null,
        null,
        null,
        null,
        null
      ],
      "/home/ubuntu/environment/Data-Analytics-Club-Website/myApp/app/models/event.rb": [
        1,
        null,
        null,
        null
      ],
      "/home/ubuntu/environment/Data-Analytics-Club-Website/myApp/app/models/application_record.rb": [
        1,
        1,
        null
      ],
      "/home/ubuntu/environment/Data-Analytics-Club-Website/myApp/app/controllers/event_controller.rb": [
        1,
        1,
        1,
        null,
        null,
        1,
        1,
        0,
        0,
        0,
        null,
        0,
        0,
        0,
        0,
        0,
        0,
        0,
        0,
        0,
        null,
        null,
        1,
        1,
        1,
        null,
        null,
        null,
        1,
        1,
        0,
        0,
        0,
        null,
        null,
        null,
        null,
        null,
        null,
        null,
        null,
        null,
        null,
        null,
        null,
        1,
        1,
        1,
        null,
        null,
        null,
        1,
        0,
        null,
        null,
        1,
        0,
        null,
        null,
        1,
        0,
        null,
        null,
        1,
        1,
        1,
        null,
        null,
        1,
        1,
        null,
        1,
        1,
        1,
        1,
        null,
        1,
        1,
        1,
        1,
        null,
        null,
        null,
        null,
        null,
        null,
        null
      ],
      "/home/ubuntu/environment/Data-Analytics-Club-Website/myApp/spec/controllers/home_controller_spec.rb": [
        null,
        null,
        null,
        null,
        null,
        null,
        null,
        null,
        null,
        null,
        null,
        null
      ],
      "/home/ubuntu/environment/Data-Analytics-Club-Website/myApp/spec/controllers/user_controller_spec.rb": [
        1,
        null,
        1,
        1,
        null,
        null,
        1,
        null,
        1,
        null,
        1,
        1,
        1,
        1,
        null,
        null,
        null,
        1,
        1,
        1,
        1,
        null,
        null,
        null,
        1,
        1,
        1,
        null,
        null,
        null,
        1,
        1,
        1,
        1,
        null,
        null,
        null,
        1,
        1,
        1,
        1,
        null,
        null,
        null,
        1,
        1,
        1,
        1,
        1,
        1,
        null,
        null,
        1,
        0,
        0,
        null,
        null,
        null,
        null,
        null,
        null
      ],
      "/home/ubuntu/environment/Data-Analytics-Club-Website/myApp/app/models/user.rb": [
        1,
        null,
        null,
        null
      ],
      "/home/ubuntu/environment/Data-Analytics-Club-Website/myApp/app/controllers/user_controller.rb": [
        1,
        1,
        0,
        null,
        null,
        1,
        0,
        null,
        null,
        1,
        null,
        0,
        0,
        0,
        0,
        null,
        0,
        null,
        0,
        0,
        null,
        null,
        null,
        null,
        null,
        null,
        null,
        1,
        0,
        null,
        0,
        0,
        null,
        null,
        0,
        0,
        null,
        null,
        0,
        0,
        null,
        null,
        0,
        null,
        null,
        1,
        1,
        1,
        null,
        1,
        0,
        null,
        null,
        0,
        null,
        null,
        1,
        null,
        0,
        0,
        0,
        0,
        null,
        0,
        0,
        null,
        null,
        1,
        0,
        0,
        0,
        0,
        null,
        0,
        null,
        null,
        0,
        0,
        null,
        null,
        1,
        null,
        null,
        1,
        4,
        null,
        null,
        1,
        2,
        null,
        null
      ],
      "/home/ubuntu/environment/Data-Analytics-Club-Website/myApp/spec/controllers/users_events_controller_spec.rb": [
        1,
        null,
        1,
        null,
        1,
        null,
        1,
        1,
        1,
        1,
        null,
        1,
        null,
        1,
        null,
        null,
        null,
        1,
        1,
        1,
        1,
        null,
        1,
        1,
        null,
        1,
        null,
        null,
        null,
        null,
        null
      ],
      "/home/ubuntu/environment/Data-Analytics-Club-Website/myApp/app/controllers/users_events_controller.rb": [
        1,
        1,
        1,
        1,
        1,
        null,
        null,
        1,
        2,
        2,
        null,
        null
      ],
      "/home/ubuntu/environment/Data-Analytics-Club-Website/myApp/spec/helpers/announcement_helper_spec.rb": [
        1,
        null,
        null,
        null,
        null,
        null,
        null,
        null,
        null,
        null,
        null,
        null,
        1,
        1,
        null
      ],
      "/home/ubuntu/environment/Data-Analytics-Club-Website/myApp/spec/helpers/dashboard_helper_spec.rb": [
        1,
        null,
        null,
        null,
        null,
        null,
        null,
        null,
        null,
        null,
        null,
        null,
        1,
        1,
        null
      ],
      "/home/ubuntu/environment/Data-Analytics-Club-Website/myApp/spec/helpers/home_helper_spec.rb": [
        1,
        null,
        null,
        null,
        null,
        null,
        null,
        null,
        null,
        null,
        null,
        null,
        1,
        1,
        null
      ],
      "/home/ubuntu/environment/Data-Analytics-Club-Website/myApp/spec/helpers/users_events_helper_spec.rb": [
        1,
        null,
        null,
        null,
        null,
        null,
        null,
        null,
        null,
        null,
        null,
        null,
        1,
        1,
        null
      ],
      "/home/ubuntu/environment/Data-Analytics-Club-Website/myApp/spec/models/announcement_spec.rb": [
        1,
        null,
        1,
        1,
        null
      ],
      "/home/ubuntu/environment/Data-Analytics-Club-Website/myApp/app/models/announcement.rb": [
        1,
        null
      ],
      "/home/ubuntu/environment/Data-Analytics-Club-Website/myApp/spec/models/user_spec.rb": [
        1,
        null,
        1,
        1,
        null
      ],
      "/home/ubuntu/environment/Data-Analytics-Club-Website/myApp/spec/models/users_event_spec.rb": [
        1,
        null,
        1,
        1,
        null
      ],
      "/home/ubuntu/environment/Data-Analytics-Club-Website/myApp/app/models/users_event.rb": [
        1,
        null,
        null,
        null
      ],
      "/home/ubuntu/environment/Data-Analytics-Club-Website/myApp/spec/views/dashboard/show.html.erb_spec.rb": [
        1,
        null,
        1,
        1,
        null
      ],
      "/home/ubuntu/environment/Data-Analytics-Club-Website/myApp/spec/views/home/show.html.erb_spec.rb": [
        1,
        null,
        1,
        1,
        null
      ]
    },
    "timestamp": 1575406960
  }
}
